2017-07-26T07:22:12 state/node/presentation/sketchName: Thermostat Starting Up...
2017-07-26T07:22:12 state/node/presentation/sketchVersion: 4.0.5
2017-07-26T07:22:12 state/heatControl/presentation/heatControl: 
2017-07-26T07:22:12 state/coolControl/presentation/coolControl: 
2017-07-26T07:22:12 state/holdControl/presentation/holdControl: 
2017-07-26T07:22:12 state/weatherCurrent/presentation/weatherCurrent: 
2017-07-26T07:22:12 state/weatherForecastToday/presentation/weatherForecastToday: 
2017-07-26T07:22:12 state/weatherForecastTomorrow/presentation/weatherForecastTomorrow: 
2017-07-26T07:22:12 state/heat/presentation/heat: 
2017-07-26T07:22:12 state/cool/presentation/cool: 
2017-07-26T07:22:12 state/motionSensor/presentation/motionSensor: 
2017-07-26T07:22:12 state/temperatureSensor/presentation/temperatureSensor: 
2017-07-26T07:22:12 state/screen/presentation/screen: 
2017-07-26T07:22:12 state/scheduler/presentation/scheduler: 
2017-07-26T07:22:12 state/webserver/presentation/webserver: 
2017-07-26T07:22:12 state/DhtIn/presentation/DhtIn: 
2017-07-26T07:22:12 state/DhtOut/presentation/DhtOut: 
2017-07-26T07:22:12 state/DhtIr/presentation/DhtIr: 
2017-07-26T07:22:12 state/DhtZone/presentation/DhtZone: 
2017-07-26T07:22:12 state/DhtRele/presentation/DhtRele: 
2017-07-26T07:22:12 state/Clear_dht/presentation/Clear_dht: 
2017-07-26T07:22:12 info/node/set/custom/settings/temperature/tempScale: metric
2017-07-26T07:22:12 info/node/set/custom/settings/temperature/precipUnits:  mm
2017-07-26T07:22:12 info/node/set/custom/settings/temperature/precipFactor: 1.0
2017-07-26T07:22:12 info/node/set/custom/settings/temperature/sensorUnits: 1
2017-07-26T07:22:12 info/node/set/custom/settings/temperature/windFactor: 3.6
2017-07-26T07:22:12 info/node/set/custom/settings/temperature/windUnits:  km/h
2017-07-26T07:22:12 info/node/set/custom/settings/temperature/currentTemp: 20.0
2017-07-26T07:22:12 info/node/set/custom/settings/temperature/setTemp: 24.0
2017-07-26T07:22:12 info/node/set/custom/settings/temperature/tempHysteresis: 0.3
2017-07-26T07:22:12 info/node/set/custom/settings/temperature/tempCheckInterval: 5
2017-07-26T07:22:12 info/node/set/custom/settings/temperature/minUIEnabled: 1
2017-07-26T07:22:12 info/node/set/custom/settings/temperature/minUITimeout: 10
2017-07-26T07:22:12 info/node/set/custom/settings/temperature/lightOff: 40
2017-07-26T07:22:12 info/node/set/custom/settings/calibration/elevation: 50
2017-07-26T07:22:12 info/node/set/custom/settings/calibration/boilingPoint: 99.83235
2017-07-26T07:22:12 info/node/set/custom/settings/calibration/freezingPoint: 0.01
2017-07-26T07:22:12 info/node/set/custom/settings/calibration/boilingMeasured: 99.998043
2017-07-26T07:22:12 info/node/set/custom/settings/calibration/freezingMeasured: 0.0
2017-07-26T07:22:12 info/DhtRele/set/custom/Dht Rele: : 0
2017-07-26T07:22:12 info/DhtZone/set/custom//Dht Zone : : 0
2017-07-26T07:22:12 info/DhtIr/set/custom/Dht IR: 0
2017-07-26T07:22:12 info/node/set/custom/settings/UISlider/minTemp: 15.0
2017-07-26T07:22:12 info/node/set/custom/settings/UISlider/maxTemp: 30.0
2017-07-26T07:22:12 info/node/set/custom/settings/UISlider/tempStep: 0.5
2017-07-26T07:22:13 info/motionSensor/set/tripped: 0
2017-07-26T07:22:13 info/node/set/custom/settings/pir/checkInterval: 0.5
2017-07-26T07:22:13 info/node/set/custom/settings/pir/ignoreFrom: 00:00
2017-07-26T07:22:13 info/node/set/custom/settings/pir/ignoreTo: 00:00
2017-07-26T07:22:13 info/cool/set/binaryStatus: 18
2017-07-26T07:22:13 info/heat/set/binaryStatus: 27
2017-07-26T07:22:13 info/motionSensor/set/armed: 5
2017-07-26T07:22:13 info/         inverno  Control/set/binaryStatus: 1
2017-07-26T07:22:13 info/       estate  Control/set/binaryStatus: 0
2017-07-26T07:22:13 info/           manuale  Control/set/binaryStatus: 0
2017-07-26T07:22:13 state/webserver/set/text: Starting on 0.0.0.0:80
2017-07-26T07:22:13 info/scheduler/set/custom/load: heat
2017-07-26T07:22:13 info/scheduler/set/text: Started
2017-07-26T07:22:14 info/scheduler/set/custom/load: heat
2017-07-26T07:22:16 error/weatherCurrent/set/text: Update FAILED!
2017-07-26T07:22:19 state/temperatureSensor/set/temperature: 20.0
2017-07-26T07:22:19 state/heat/set/binaryStatus: 0
2017-07-26T07:22:45 state/node/set/custom/shutdown: Thermostat Shutting Down...
